<?xml version="1.0" encoding="UTF-8"?>
<!-- Generated by org.testng.reporters.JUnitXMLReporter -->
<testsuite ignored="0" hostname="DESKTOP-1E3R4KP" failures="0" tests="3" name="Default test" time="35.698" errors="0" timestamp="2026-01-04T13:53:18 IST">
  <testcase classname="com.crm.qa.testcases.LoginPageTest" name="loginPageTitleTest" time="0.024"/>
  <testcase classname="com.crm.qa.testcases.LoginPageTest" name="crmLogoImageTest" time="0.094"/>
  <testcase classname="com.crm.qa.testcases.LoginPageTest" name="loginTest" time="5.131"/>
</testsuite> <!-- Default test -->
