<?xml version="1.0" encoding="UTF-8"?>
<testng-results ignored="0" total="3" passed="3" failed="0" skipped="0">
  <reporter-output>
  </reporter-output>
  <suite started-at="2026-01-04T13:52:42 IST" name="Default suite" finished-at="2026-01-04T13:53:18 IST" duration-ms="35698">
    <groups>
    </groups>
    <test started-at="2026-01-04T13:52:42 IST" name="Default test" finished-at="2026-01-04T13:53:18 IST" duration-ms="35698">
      <class name="com.crm.qa.testcases.LoginPageTest">
        <test-method is-config="true" signature="setup()[pri:0, instance:com.crm.qa.testcases.LoginPageTest@6c6cb480]" started-at="2026-01-04T13:52:43 IST" name="setup" finished-at="2026-01-04T13:52:57 IST" duration-ms="14587" status="PASS">
          <reporter-output>
          </reporter-output>
        </test-method> <!-- setup -->
        <test-method signature="loginPageTitleTest()[pri:1, instance:com.crm.qa.testcases.LoginPageTest@6c6cb480]" started-at="2026-01-04T13:52:57 IST" name="loginPageTitleTest" finished-at="2026-01-04T13:52:57 IST" duration-ms="24" status="PASS">
          <reporter-output>
          </reporter-output>
        </test-method> <!-- loginPageTitleTest -->
        <test-method is-config="true" signature="tearDown()[pri:0, instance:com.crm.qa.testcases.LoginPageTest@6c6cb480]" started-at="2026-01-04T13:52:57 IST" name="tearDown" finished-at="2026-01-04T13:52:57 IST" duration-ms="327" status="PASS">
          <reporter-output>
          </reporter-output>
        </test-method> <!-- tearDown -->
        <test-method is-config="true" signature="setup()[pri:0, instance:com.crm.qa.testcases.LoginPageTest@6c6cb480]" started-at="2026-01-04T13:52:57 IST" name="setup" finished-at="2026-01-04T13:53:05 IST" duration-ms="7384" status="PASS">
          <reporter-output>
          </reporter-output>
        </test-method> <!-- setup -->
        <test-method signature="crmLogoImageTest()[pri:2, instance:com.crm.qa.testcases.LoginPageTest@6c6cb480]" started-at="2026-01-04T13:53:05 IST" name="crmLogoImageTest" finished-at="2026-01-04T13:53:05 IST" duration-ms="94" status="PASS">
          <reporter-output>
          </reporter-output>
        </test-method> <!-- crmLogoImageTest -->
        <test-method is-config="true" signature="tearDown()[pri:0, instance:com.crm.qa.testcases.LoginPageTest@6c6cb480]" started-at="2026-01-04T13:53:05 IST" name="tearDown" finished-at="2026-01-04T13:53:05 IST" duration-ms="486" status="PASS">
          <reporter-output>
          </reporter-output>
        </test-method> <!-- tearDown -->
        <test-method is-config="true" signature="setup()[pri:0, instance:com.crm.qa.testcases.LoginPageTest@6c6cb480]" started-at="2026-01-04T13:53:05 IST" name="setup" finished-at="2026-01-04T13:53:13 IST" duration-ms="7161" status="PASS">
          <reporter-output>
          </reporter-output>
        </test-method> <!-- setup -->
        <test-method signature="loginTest()[pri:3, instance:com.crm.qa.testcases.LoginPageTest@6c6cb480]" started-at="2026-01-04T13:53:13 IST" name="loginTest" finished-at="2026-01-04T13:53:18 IST" duration-ms="5131" status="PASS">
          <reporter-output>
          </reporter-output>
        </test-method> <!-- loginTest -->
        <test-method is-config="true" signature="tearDown()[pri:0, instance:com.crm.qa.testcases.LoginPageTest@6c6cb480]" started-at="2026-01-04T13:53:18 IST" name="tearDown" finished-at="2026-01-04T13:53:18 IST" duration-ms="405" status="PASS">
          <reporter-output>
          </reporter-output>
        </test-method> <!-- tearDown -->
      </class> <!-- com.crm.qa.testcases.LoginPageTest -->
    </test> <!-- Default test -->
  </suite> <!-- Default suite -->
</testng-results>
