<?xml version="1.0" encoding="UTF-8"?>
<!-- Generated by org.testng.reporters.JUnitReportReporter -->
<testsuite hostname="DESKTOP-1E3R4KP" failures="0" tests="3" name="com.crm.qa.testcases.LoginPageTest" time="35.599" errors="0" timestamp="2026-01-04T13:53:18 IST" skipped="0">
  <testcase classname="com.crm.qa.testcases.LoginPageTest" name="loginPageTitleTest" time="14.938"/>
  <testcase classname="com.crm.qa.testcases.LoginPageTest" name="crmLogoImageTest" time="7.741"/>
  <testcase classname="com.crm.qa.testcases.LoginPageTest" name="loginTest" time="12.920"/>
</testsuite> <!-- com.crm.qa.testcases.LoginPageTest -->
